2025-10-06 13:37:19,978 DEBUG    root            Loaded Command Group: ['gcloud', 'components']
2025-10-06 13:37:20,009 DEBUG    root            Loaded Command Group: ['gcloud', 'components', 'update']
2025-10-06 13:37:20,011 DEBUG    root            Running [gcloud.components.update] with arguments: [--quiet: "True", COMPONENT-IDS:8: "['gcloud', 'core', 'bq', 'gsutil', 'compute', 'preview', 'alpha', 'beta']"]
2025-10-06 13:37:20,012 INFO     ___FILE_ONLY___ Beginning update. This process may take several minutes.

2025-10-06 13:37:20,021 DEBUG    urllib3.connectionpool Starting new HTTPS connection (1): dl.google.com:443
2025-10-06 13:37:20,941 DEBUG    urllib3.connectionpool https://dl.google.com:443 "GET /dl/cloudsdk/channels/rapid/components-2.json HTTP/11" 200 233157
2025-10-06 13:37:20,952 WARNING  root            Component [compute] no longer exists.
2025-10-06 13:37:20,953 INFO     ___FILE_ONLY___ 

2025-10-06 13:37:20,954 INFO     ___FILE_ONLY___ 
Your current Google Cloud CLI version is: 541.0.0

2025-10-06 13:37:20,954 INFO     ___FILE_ONLY___ Installing components from version: 541.0.0

2025-10-06 13:37:20,954 INFO     ___FILE_ONLY___ 

2025-10-06 13:37:20,954 DEBUG    root            Chosen display Format:table[box,title="These components will be removed."](details.display_name:label=Name:align=left,version.version_string:label=Version:align=right,data.size.size(zero="",min=1048576):label=Size:align=right)
2025-10-06 13:37:20,954 DEBUG    root            Chosen display Format:table[box,title="These components will be updated."](details.display_name:label=Name:align=left,version.version_string:label=Version:align=right,data.size.size(zero="",min=1048576):label=Size:align=right)
2025-10-06 13:37:20,955 DEBUG    root            Chosen display Format:table[box,title="These components will be installed."](details.display_name:label=Name:align=left,version.version_string:label=Version:align=right,data.size.size(zero="",min=1048576):label=Size:align=right)
2025-10-06 13:37:20,971 INFO     ___FILE_ONLY___ ┌────────────────────────────────────────────────┐
2025-10-06 13:37:20,971 INFO     ___FILE_ONLY___ 

2025-10-06 13:37:20,971 INFO     ___FILE_ONLY___ │      These components will be installed.       │
2025-10-06 13:37:20,971 INFO     ___FILE_ONLY___ 

2025-10-06 13:37:20,971 INFO     ___FILE_ONLY___ ├─────────────────────────┬────────────┬─────────┤
2025-10-06 13:37:20,971 INFO     ___FILE_ONLY___ 

2025-10-06 13:37:20,971 INFO     ___FILE_ONLY___ │           Name          │  Version   │   Size  │
2025-10-06 13:37:20,971 INFO     ___FILE_ONLY___ 

2025-10-06 13:37:20,971 INFO     ___FILE_ONLY___ ├─────────────────────────┼────────────┼─────────┤
2025-10-06 13:37:20,971 INFO     ___FILE_ONLY___ 

2025-10-06 13:37:20,971 INFO     ___FILE_ONLY___ │ 
2025-10-06 13:37:20,971 INFO     ___FILE_ONLY___ gcloud Alpha Commands  
2025-10-06 13:37:20,971 INFO     ___FILE_ONLY___  
2025-10-06 13:37:20,971 INFO     ___FILE_ONLY___ │ 
2025-10-06 13:37:20,971 INFO     ___FILE_ONLY___ 2025.09.29
2025-10-06 13:37:20,972 INFO     ___FILE_ONLY___  
2025-10-06 13:37:20,972 INFO     ___FILE_ONLY___ │ 
2025-10-06 13:37:20,972 INFO     ___FILE_ONLY___ < 1 MiB
2025-10-06 13:37:20,972 INFO     ___FILE_ONLY___  
2025-10-06 13:37:20,972 INFO     ___FILE_ONLY___ │
2025-10-06 13:37:20,972 INFO     ___FILE_ONLY___ 

2025-10-06 13:37:20,972 INFO     ___FILE_ONLY___ │ 
2025-10-06 13:37:20,972 INFO     ___FILE_ONLY___ gcloud Beta Commands   
2025-10-06 13:37:20,972 INFO     ___FILE_ONLY___  
2025-10-06 13:37:20,972 INFO     ___FILE_ONLY___ │ 
2025-10-06 13:37:20,972 INFO     ___FILE_ONLY___ 2025.09.29
2025-10-06 13:37:20,972 INFO     ___FILE_ONLY___  
2025-10-06 13:37:20,972 INFO     ___FILE_ONLY___ │ 
2025-10-06 13:37:20,972 INFO     ___FILE_ONLY___ < 1 MiB
2025-10-06 13:37:20,972 INFO     ___FILE_ONLY___  
2025-10-06 13:37:20,972 INFO     ___FILE_ONLY___ │
2025-10-06 13:37:20,972 INFO     ___FILE_ONLY___ 

2025-10-06 13:37:20,972 INFO     ___FILE_ONLY___ │ 
2025-10-06 13:37:20,972 INFO     ___FILE_ONLY___ gcloud Preview Commands
2025-10-06 13:37:20,972 INFO     ___FILE_ONLY___  
2025-10-06 13:37:20,973 INFO     ___FILE_ONLY___ │ 
2025-10-06 13:37:20,973 INFO     ___FILE_ONLY___           
2025-10-06 13:37:20,973 INFO     ___FILE_ONLY___  
2025-10-06 13:37:20,973 INFO     ___FILE_ONLY___ │ 
2025-10-06 13:37:20,973 INFO     ___FILE_ONLY___ < 1 MiB
2025-10-06 13:37:20,973 INFO     ___FILE_ONLY___  
2025-10-06 13:37:20,973 INFO     ___FILE_ONLY___ │
2025-10-06 13:37:20,973 INFO     ___FILE_ONLY___ 

2025-10-06 13:37:20,973 INFO     ___FILE_ONLY___ └─────────────────────────┴────────────┴─────────┘
2025-10-06 13:37:20,973 INFO     ___FILE_ONLY___ 

2025-10-06 13:37:20,973 INFO     ___FILE_ONLY___ 

2025-10-06 13:37:20,976 DEBUG    urllib3.connectionpool Starting new HTTPS connection (1): dl.google.com:443
2025-10-06 13:37:21,902 DEBUG    urllib3.connectionpool https://dl.google.com:443 "GET /dl/cloudsdk/channels/rapid/RELEASE_NOTES HTTP/11" 200 1492432
2025-10-06 13:37:22,403 INFO     ___FILE_ONLY___ For the latest full release notes, please visit:
  https://cloud.google.com/sdk/release_notes


2025-10-06 13:37:22,404 INFO     ___FILE_ONLY___ Performing in place update...


2025-10-06 13:37:22,406 INFO     ___FILE_ONLY___ ╔════════════════════════════════════════════════════════════╗

2025-10-06 13:37:22,406 INFO     ___FILE_ONLY___ ╠═ Downloading: gcloud Alpha Commands                       ═╣

2025-10-06 13:37:22,406 INFO     ___FILE_ONLY___ ╚
2025-10-06 13:37:22,408 DEBUG    urllib3.connectionpool Starting new HTTPS connection (1): dl.google.com:443
2025-10-06 13:37:23,342 DEBUG    urllib3.connectionpool https://dl.google.com:443 "GET /dl/cloudsdk/channels/rapid/components/google-cloud-sdk-alpha-20250929142209.tar.gz HTTP/11" 200 800
2025-10-06 13:37:23,342 INFO     ___FILE_ONLY___ ════════════════════════════════════════════════════════════
2025-10-06 13:37:23,343 INFO     ___FILE_ONLY___ ╝

2025-10-06 13:37:23,344 INFO     ___FILE_ONLY___ ╔════════════════════════════════════════════════════════════╗

2025-10-06 13:37:23,344 INFO     ___FILE_ONLY___ ╠═ Downloading: gcloud Beta Commands                        ═╣

2025-10-06 13:37:23,345 INFO     ___FILE_ONLY___ ╚
2025-10-06 13:37:23,347 DEBUG    urllib3.connectionpool Starting new HTTPS connection (1): dl.google.com:443
2025-10-06 13:37:24,251 DEBUG    urllib3.connectionpool https://dl.google.com:443 "GET /dl/cloudsdk/channels/rapid/components/google-cloud-sdk-beta-20250929142209.tar.gz HTTP/11" 200 797
2025-10-06 13:37:24,252 INFO     ___FILE_ONLY___ ════════════════════════════════════════════════════════════
2025-10-06 13:37:24,252 INFO     ___FILE_ONLY___ ╝

2025-10-06 13:37:24,254 INFO     ___FILE_ONLY___ ╔════════════════════════════════════════════════════════════╗

2025-10-06 13:37:24,254 INFO     ___FILE_ONLY___ ╠═ Downloading: gcloud Preview Commands                     ═╣

2025-10-06 13:37:24,254 INFO     ___FILE_ONLY___ ╚
2025-10-06 13:37:24,257 DEBUG    urllib3.connectionpool Starting new HTTPS connection (1): dl.google.com:443
2025-10-06 13:37:25,225 DEBUG    urllib3.connectionpool https://dl.google.com:443 "GET /dl/cloudsdk/channels/rapid/components/google-cloud-sdk-preview-20241115154308.tar.gz HTTP/11" 200 823
2025-10-06 13:37:25,226 INFO     ___FILE_ONLY___ ════════════════════════════════════════════════════════════
2025-10-06 13:37:25,226 INFO     ___FILE_ONLY___ ╝

2025-10-06 13:37:25,228 INFO     ___FILE_ONLY___ ╔════════════════════════════════════════════════════════════╗

2025-10-06 13:37:25,228 INFO     ___FILE_ONLY___ ╠═ Installing: gcloud Alpha Commands                        ═╣

2025-10-06 13:37:25,228 INFO     ___FILE_ONLY___ ╚
2025-10-06 13:37:25,229 INFO     ___FILE_ONLY___ ════════════════════════════════════════════════════════════
2025-10-06 13:37:25,229 INFO     ___FILE_ONLY___ ╝

2025-10-06 13:37:25,234 INFO     ___FILE_ONLY___ ╔════════════════════════════════════════════════════════════╗

2025-10-06 13:37:25,234 INFO     ___FILE_ONLY___ ╠═ Installing: gcloud Beta Commands                         ═╣

2025-10-06 13:37:25,235 INFO     ___FILE_ONLY___ ╚
2025-10-06 13:37:25,235 INFO     ___FILE_ONLY___ ════════════════════════════════════════════════════════════
2025-10-06 13:37:25,235 INFO     ___FILE_ONLY___ ╝

2025-10-06 13:37:25,239 INFO     ___FILE_ONLY___ ╔════════════════════════════════════════════════════════════╗

2025-10-06 13:37:25,240 INFO     ___FILE_ONLY___ ╠═ Installing: gcloud Preview Commands                      ═╣

2025-10-06 13:37:25,240 INFO     ___FILE_ONLY___ ╚
2025-10-06 13:37:25,240 INFO     ___FILE_ONLY___ ════════════════════════════════════════════════════════════
2025-10-06 13:37:25,240 INFO     ___FILE_ONLY___ ╝

2025-10-06 13:37:25,245 DEBUG    root            Updating notification cache...
2025-10-06 13:37:25,246 INFO     ___FILE_ONLY___ 

2025-10-06 13:37:25,248 INFO     ___FILE_ONLY___ Performing post processing steps...
2025-10-06 13:37:25,248 DEBUG    root            Executing command: ['/tools/google-cloud-sdk/bin/gcloud', 'components', 'post-process']
2025-10-06 13:37:33,554 DEBUG    ___FILE_ONLY___ 
2025-10-06 13:37:33,554 DEBUG    ___FILE_ONLY___ 
2025-10-06 13:37:33,776 INFO     root            descriptor_list: [{'universeDomain': 'googleapis.com', 'universeShortName': '', 'authenticationDomain': 'auth.cloud.google.com', 'projectPrefix': '', 'cloudWebDomain': 'cloud.google.com', 'documentationDomain': 'cloud.google.com', 'version': '1.0.0', 'state': 'primary', 'artifactRegistryDomain': 'pkg.dev'}]
2025-10-06 13:37:33,777 INFO     ___FILE_ONLY___ 
Update done!


2025-10-06 13:37:33,779 DEBUG    root            Chosen display Format:none
2025-10-06 13:37:33,779 INFO     root            Display format: "none"
